
=== Tue Sep 14 18:16:11 2021

Packages were changed.
Update Mode: updateDependencies

The following packages were updated:
  com.unity.analytics from version 3.2.2 to 3.2.3
  com.unity.package-manager-ui from version 2.0.3 to 2.0.13
  com.unity.purchasing from version 2.0.3 to 2.2.1
  com.unity.textmeshpro from version 1.3.0 to 1.4.1

=== Mon Nov 14 15:57:27 2022

Packages were changed.
Update Mode: updateDependencies

The following packages were added:
  com.unity.2d.sprite@1.0.0
  com.unity.2d.tilemap@1.0.0
  com.unity.ide.rider@3.0.15
  com.unity.ide.visualstudio@2.0.16
  com.unity.ide.vscode@1.2.5
  com.unity.modules.androidjni@1.0.0
  com.unity.test-framework@1.1.31
  com.unity.timeline@1.6.4
  com.unity.ugui@1.0.0
  com.unity.xr.legacyinputhelpers@2.1.10
The following packages were updated:
  com.unity.ads from version 2.3.1 to 3.7.5
  com.unity.analytics from version 3.2.3 to 3.6.12
  com.unity.collab-proxy from version 1.2.15 to 1.17.2
  com.unity.purchasing from version 2.2.1 to 4.4.1
  com.unity.textmeshpro from version 1.4.1 to 3.0.6
The following packages were removed:
  com.unity.package-manager-ui@2.0.13

=== Fri Mar 15 18:28:36 2024

Packages were changed.
Update Mode: updateDependencies

The following packages were updated:
  com.unity.collab-proxy from version 1.17.2 to 2.0.0
  com.unity.ide.rider from version 3.0.15 to 3.0.18
  com.unity.ide.visualstudio from version 2.0.16 to 2.0.17
  com.unity.purchasing from version 4.4.1 to 4.5.2
